<?xml version="1.0" encoding="UTF-8"?>
<!-- Generated by org.testng.reporters.JUnitReportReporter -->
<testsuite hostname="DESKTOP-49S7QMJ" failures="0" tests="1" name="Scenarios.scenario1" time="6.506" errors="0" timestamp="2024-07-09T22:13:07 CDT" skipped="0">
  <testcase classname="Scenarios.scenario1" name="myTest" time="6.506"/>
  <system-out/>
</testsuite> <!-- Scenarios.scenario1 -->
